<?xml version="1.0" encoding="UTF-8"?>
<!-- Generated by org.testng.reporters.JUnitReportReporter -->
<testsuite skipped="0" hostname="DESKTOP-559VS32" name="com.altitime.qa.testcase.LoginPageTest" tests="5" failures="0" timestamp="27 Aug 2021 01:06:31 GMT" time="46.133" errors="0">
  <testcase name="validateLoginPageTitleTest" time="10.375" classname="com.altitime.qa.testcase.LoginPageTest"/>
  <testcase name="validateLogoDisplayedTest" time="8.437" classname="com.altitime.qa.testcase.LoginPageTest"/>
  <testcase name="validateLoggedInCheckBoxDisplayedTest" time="8.506" classname="com.altitime.qa.testcase.LoginPageTest"/>
  <testcase name="validateForgotPasswordLinkDisplayedTest" time="9.770" classname="com.altitime.qa.testcase.LoginPageTest"/>
  <testcase name="validateLoginButton" time="9.045" classname="com.altitime.qa.testcase.LoginPageTest"/>
</testsuite> <!-- com.altitime.qa.testcase.LoginPageTest -->
